<?xml version="1.0" encoding="UTF-8"?>
<!-- Generated by org.testng.reporters.JUnitXMLReporter -->
<testsuite ignored="2" hostname="DESKTOP-0RPD1E9" failures="0" tests="1" name="Default test" time="2.09" errors="0" timestamp="2022-10-20T20:07:54 PDT">
  <testcase classname="com.simpletest.TC_02CreateDeleteUserdata" name="adduserdetails" time="1.683"/>
  <testcase classname="com.simpletest.TC_02CreateDeleteUserdata" name="deleteuser" time="0.0">
    <ignored/>
  </testcase> <!-- deleteuser -->
  <testcase classname="com.simpletest.TC_02CreateDeleteUserdata" name="deleteuser2" time="0.0">
    <ignored/>
  </testcase> <!-- deleteuser2 -->
</testsuite> <!-- Default test -->
