<?xml version="1.0" encoding="UTF-8"?>
<!-- Generated by org.testng.reporters.JUnitXMLReporter -->
<testsuite ignored="0" hostname="DESKTOP-0RPD1E9" failures="0" tests="3" name="CreateDelete" time="2.798" errors="0" timestamp="2022-10-20T20:08:23 PDT">
  <testcase classname="com.simpletest.TC_02CreateDeleteUserdata" name="adduserdetails" time="1.645"/>
  <testcase classname="com.simpletest.TC_02CreateDeleteUserdata" name="deleteuser" time="0.372"/>
  <testcase classname="com.simpletest.TC_02CreateDeleteUserdata" name="deleteuser2" time="0.404"/>
</testsuite> <!-- CreateDelete -->
