<?xml version="1.0" encoding="UTF-8"?>
<!-- Generated by org.testng.reporters.JUnitXMLReporter -->
<testsuite ignored="0" hostname="DESKTOP-0RPD1E9" failures="2" tests="2" name="Test" time="2.019" errors="0" timestamp="2022-10-20T19:09:11 PDT">
  <testcase classname="com.simpletest.TC_02CreateDeleteUserdata" name="adduserdetails" time="0.308">
    <failure type="java.lang.NoSuchMethodError" message="&amp;apos;java.lang.String com.fasterxml.jackson.annotation.JsonProperty.namespace()&amp;apos;">
      <![CDATA[java.lang.NoSuchMethodError: 'java.lang.String com.fasterxml.jackson.annotation.JsonProperty.namespace()'
at com.fasterxml.jackson.databind.introspect.JacksonAnnotationIntrospector.findNameForSerialization(JacksonAnnotationIntrospector.java:1080)
at com.fasterxml.jackson.databind.introspect.POJOPropertiesCollector._addGetterMethod(POJOPropertiesCollector.java:743)
at com.fasterxml.jackson.databind.introspect.POJOPropertiesCollector._addMethods(POJOPropertiesCollector.java:688)
at com.fasterxml.jackson.databind.introspect.POJOPropertiesCollector.collectAll(POJOPropertiesCollector.java:422)
at com.fasterxml.jackson.databind.introspect.POJOPropertiesCollector.getJsonValueAccessor(POJOPropertiesCollector.java:270)
at com.fasterxml.jackson.databind.introspect.BasicBeanDescription.findJsonValueAccessor(BasicBeanDescription.java:258)
at com.fasterxml.jackson.databind.ser.BasicSerializerFactory.findSerializerByAnnotations(BasicSerializerFactory.java:391)
at com.fasterxml.jackson.databind.ser.BeanSerializerFactory._createSerializer2(BeanSerializerFactory.java:224)
at com.fasterxml.jackson.databind.ser.BeanSerializerFactory.createSerializer(BeanSerializerFactory.java:173)
at com.fasterxml.jackson.databind.SerializerProvider._createUntypedSerializer(SerializerProvider.java:1495)
at com.fasterxml.jackson.databind.SerializerProvider._createAndCacheUntypedSerializer(SerializerProvider.java:1443)
at com.fasterxml.jackson.databind.SerializerProvider.findValueSerializer(SerializerProvider.java:544)
at com.fasterxml.jackson.databind.SerializerProvider.findTypedValueSerializer(SerializerProvider.java:822)
at com.fasterxml.jackson.databind.ser.DefaultSerializerProvider.serializeValue(DefaultSerializerProvider.java:308)
at com.fasterxml.jackson.databind.ObjectMapper.writeValue(ObjectMapper.java:3160)
at com.fasterxml.jackson.databind.ObjectMapper$writeValue.call(Unknown Source)
at org.codehaus.groovy.runtime.callsite.CallSiteArray.defaultCall(CallSiteArray.java:47)
at org.codehaus.groovy.runtime.callsite.AbstractCallSite.call(AbstractCallSite.java:125)
at org.codehaus.groovy.runtime.callsite.AbstractCallSite.call(AbstractCallSite.java:148)
at io.restassured.internal.mapping.Jackson2Mapper.serialize(Jackson2Mapper.groovy:53)
at io.restassured.internal.mapping.Jackson2Mapper.serialize(Jackson2Mapper.groovy)
at io.restassured.mapper.ObjectMapper$serialize.call(Unknown Source)
at org.codehaus.groovy.runtime.callsite.CallSiteArray.defaultCall(CallSiteArray.java:47)
at org.codehaus.groovy.runtime.callsite.AbstractCallSite.call(AbstractCallSite.java:125)
at org.codehaus.groovy.runtime.callsite.AbstractCallSite.call(AbstractCallSite.java:139)
at io.restassured.internal.mapping.ObjectMapping.serializeWithJackson2(ObjectMapping.groovy:217)
at org.codehaus.groovy.runtime.callsite.StaticMetaMethodSite$StaticMetaMethodSiteNoUnwrapNoCoerce.invoke(StaticMetaMethodSite.java:149)
at org.codehaus.groovy.runtime.callsite.StaticMetaMethodSite.callStatic(StaticMetaMethodSite.java:100)
at org.codehaus.groovy.runtime.callsite.CallSiteArray.defaultCallStatic(CallSiteArray.java:55)
at org.codehaus.groovy.runtime.callsite.AbstractCallSite.callStatic(AbstractCallSite.java:217)
at org.codehaus.groovy.runtime.callsite.AbstractCallSite.callStatic(AbstractCallSite.java:240)
at io.restassured.internal.mapping.ObjectMapping.serialize(ObjectMapping.groovy:154)
at io.restassured.internal.mapping.ObjectMapping$serialize.call(Unknown Source)
at org.codehaus.groovy.runtime.callsite.CallSiteArray.defaultCall(CallSiteArray.java:47)
at org.codehaus.groovy.runtime.callsite.AbstractCallSite.call(AbstractCallSite.java:125)
at io.restassured.internal.RequestSpecificationImpl.body(RequestSpecificationImpl.groovy:756)
at com.test.reusable.UserServiceHelper.addUserData(UserServiceHelper.java:69)
at com.simpletest.TC_02CreateDeleteUserdata.adduserdetails(TC_02CreateDeleteUserdata.java:19)
at java.base/java.util.ArrayList.forEach(ArrayList.java:1511)
... Removed 28 stack frames]]>
    </failure>
  </testcase> <!-- adduserdetails -->
  <testcase classname="com.simpletest.TC_02CreateDeleteUserdata" name="deleteuser" time="1.292">
    <failure type="java.lang.AssertionError" message="1 expectation failed.
JSON path status doesn&amp;apos;t match.
Expected: success
  Actual: error
">
      <![CDATA[java.lang.AssertionError: 1 expectation failed.
JSON path status doesn't match.
Expected: success
  Actual: error

at org.codehaus.groovy.runtime.callsite.ConstructorSite$ConstructorSiteNoUnwrapNoCoerce.callConstructor(ConstructorSite.java:105)
at org.codehaus.groovy.runtime.callsite.CallSiteArray.defaultCallConstructor(CallSiteArray.java:59)
at org.codehaus.groovy.runtime.callsite.AbstractCallSite.callConstructor(AbstractCallSite.java:263)
at org.codehaus.groovy.runtime.callsite.AbstractCallSite.callConstructor(AbstractCallSite.java:277)
at io.restassured.internal.ResponseSpecificationImpl$HamcrestAssertionClosure.validate(ResponseSpecificationImpl.groovy:499)
at io.restassured.internal.ResponseSpecificationImpl$HamcrestAssertionClosure$validate$1.call(Unknown Source)
at org.codehaus.groovy.runtime.callsite.CallSiteArray.defaultCall(CallSiteArray.java:47)
at org.codehaus.groovy.runtime.callsite.AbstractCallSite.call(AbstractCallSite.java:125)
at org.codehaus.groovy.runtime.callsite.AbstractCallSite.call(AbstractCallSite.java:139)
at io.restassured.internal.ResponseSpecificationImpl.validateResponseIfRequired(ResponseSpecificationImpl.groovy:684)
at org.codehaus.groovy.runtime.callsite.PlainObjectMetaMethodSite.doInvoke(PlainObjectMetaMethodSite.java:43)
at org.codehaus.groovy.runtime.callsite.PogoMetaMethodSite$PogoCachedMethodSiteNoUnwrapNoCoerce.invoke(PogoMetaMethodSite.java:193)
at org.codehaus.groovy.runtime.callsite.PogoMetaMethodSite.callCurrent(PogoMetaMethodSite.java:61)
at org.codehaus.groovy.runtime.callsite.CallSiteArray.defaultCallCurrent(CallSiteArray.java:51)
at org.codehaus.groovy.runtime.callsite.AbstractCallSite.callCurrent(AbstractCallSite.java:171)
at org.codehaus.groovy.runtime.callsite.AbstractCallSite.callCurrent(AbstractCallSite.java:185)
at io.restassured.internal.ResponseSpecificationImpl.body(ResponseSpecificationImpl.groovy:262)
at io.restassured.specification.ResponseSpecification$body$0.callCurrent(Unknown Source)
at org.codehaus.groovy.runtime.callsite.CallSiteArray.defaultCallCurrent(CallSiteArray.java:51)
at org.codehaus.groovy.runtime.callsite.AbstractCallSite.callCurrent(AbstractCallSite.java:171)
at org.codehaus.groovy.runtime.callsite.AbstractCallSite.callCurrent(AbstractCallSite.java:212)
at io.restassured.internal.ResponseSpecificationImpl.body(ResponseSpecificationImpl.groovy:109)
at io.restassured.internal.ValidatableResponseOptionsImpl.body(ValidatableResponseOptionsImpl.java:244)
at io.restassured.internal.ValidatableResponseImpl.super$2$body(ValidatableResponseImpl.groovy)
at groovy.lang.MetaMethod.doMethodInvoke(MetaMethod.java:323)
at groovy.lang.MetaClassImpl.invokeMethod(MetaClassImpl.java:1268)
at org.codehaus.groovy.runtime.ScriptBytecodeAdapter.invokeMethodOnSuperN(ScriptBytecodeAdapter.java:144)
at io.restassured.internal.ValidatableResponseImpl.body(ValidatableResponseImpl.groovy:298)
at io.restassured.internal.ValidatableResponseImpl.body(ValidatableResponseImpl.groovy)
at com.simpletest.TC_02CreateDeleteUserdata.deleteuser(TC_02CreateDeleteUserdata.java:36)
at java.base/java.util.ArrayList.forEach(ArrayList.java:1511)
... Removed 34 stack frames]]>
    </failure>
  </testcase> <!-- deleteuser -->
</testsuite> <!-- Test -->
